<?xml version="1.0" encoding="UTF-8"?>
<testng-results skipped="0" failed="0" total="2" passed="2">
  <reporter-output>
  </reporter-output>
  <suite name="Command line suite" duration-ms="28" started-at="2017-03-04T02:54:53Z" finished-at="2017-03-04T02:54:53Z">
    <groups>
    </groups>
    <test name="Command line test" duration-ms="28" started-at="2017-03-04T02:54:53Z" finished-at="2017-03-04T02:54:53Z">
      <class name="SaTest">
        <test-method status="PASS" signature="test()[pri:0, instance:SaTest@17550481]" name="test" duration-ms="9" started-at="2017-03-04T08:24:53Z" finished-at="2017-03-04T08:24:53Z">
          <reporter-output>
          </reporter-output>
        </test-method> <!-- test -->
      </class> <!-- SaTest -->
      <class name="com.test.SaTest">
        <test-method status="PASS" signature="test()[pri:0, instance:com.test.SaTest@668bc3d5]" name="test" duration-ms="1" started-at="2017-03-04T08:24:53Z" finished-at="2017-03-04T08:24:53Z">
          <reporter-output>
          </reporter-output>
        </test-method> <!-- test -->
      </class> <!-- com.test.SaTest -->
    </test> <!-- Command line test -->
  </suite> <!-- Command line suite -->
</testng-results>
